  Parser.tab.cpp
c:\program files (x86)\microsoft visual studio\2017\community\vc\tools\msvc\14.11.25503\include\stdint.h(48): warning C4005: 'INT8_MIN': redefinición de macro
  c:\users\krash\source\repos\adidier\proyectofinal\parser.flex.h(63): note: vea la definición anterior de 'INT8_MIN'
c:\program files (x86)\microsoft visual studio\2017\community\vc\tools\msvc\14.11.25503\include\stdint.h(49): warning C4005: 'INT16_MIN': redefinición de macro
  c:\users\krash\source\repos\adidier\proyectofinal\parser.flex.h(66): note: vea la definición anterior de 'INT16_MIN'
c:\program files (x86)\microsoft visual studio\2017\community\vc\tools\msvc\14.11.25503\include\stdint.h(50): warning C4005: 'INT32_MIN': redefinición de macro
  c:\users\krash\source\repos\adidier\proyectofinal\parser.flex.h(69): note: vea la definición anterior de 'INT32_MIN'
c:\program files (x86)\microsoft visual studio\2017\community\vc\tools\msvc\14.11.25503\include\stdint.h(52): warning C4005: 'INT8_MAX': redefinición de macro
  c:\users\krash\source\repos\adidier\proyectofinal\parser.flex.h(72): note: vea la definición anterior de 'INT8_MAX'
c:\program files (x86)\microsoft visual studio\2017\community\vc\tools\msvc\14.11.25503\include\stdint.h(53): warning C4005: 'INT16_MAX': redefinición de macro
  c:\users\krash\source\repos\adidier\proyectofinal\parser.flex.h(75): note: vea la definición anterior de 'INT16_MAX'
c:\program files (x86)\microsoft visual studio\2017\community\vc\tools\msvc\14.11.25503\include\stdint.h(54): warning C4005: 'INT32_MAX': redefinición de macro
  c:\users\krash\source\repos\adidier\proyectofinal\parser.flex.h(78): note: vea la definición anterior de 'INT32_MAX'
c:\program files (x86)\microsoft visual studio\2017\community\vc\tools\msvc\14.11.25503\include\stdint.h(56): warning C4005: 'UINT8_MAX': redefinición de macro
  c:\users\krash\source\repos\adidier\proyectofinal\parser.flex.h(81): note: vea la definición anterior de 'UINT8_MAX'
c:\program files (x86)\microsoft visual studio\2017\community\vc\tools\msvc\14.11.25503\include\stdint.h(57): warning C4005: 'UINT16_MAX': redefinición de macro
  c:\users\krash\source\repos\adidier\proyectofinal\parser.flex.h(84): note: vea la definición anterior de 'UINT16_MAX'
c:\program files (x86)\microsoft visual studio\2017\community\vc\tools\msvc\14.11.25503\include\stdint.h(58): warning C4005: 'UINT32_MAX': redefinición de macro
  c:\users\krash\source\repos\adidier\proyectofinal\parser.flex.h(87): note: vea la definición anterior de 'UINT32_MAX'
c:\users\krash\source\repos\adidier\proyectofinal\parser.tab.cpp(1042): warning C4065: la instrucción switch contiene etiquetas 'default' pero no etiquetas 'case'
  Parser.flex.cpp
c:\program files (x86)\microsoft visual studio\2017\community\vc\tools\msvc\14.11.25503\include\stdint.h(48): warning C4005: 'INT8_MIN': redefinición de macro
  c:\users\krash\source\repos\adidier\proyectofinal\parser.flex.cpp(59): note: vea la definición anterior de 'INT8_MIN'
c:\program files (x86)\microsoft visual studio\2017\community\vc\tools\msvc\14.11.25503\include\stdint.h(49): warning C4005: 'INT16_MIN': redefinición de macro
  c:\users\krash\source\repos\adidier\proyectofinal\parser.flex.cpp(62): note: vea la definición anterior de 'INT16_MIN'
c:\program files (x86)\microsoft visual studio\2017\community\vc\tools\msvc\14.11.25503\include\stdint.h(50): warning C4005: 'INT32_MIN': redefinición de macro
  c:\users\krash\source\repos\adidier\proyectofinal\parser.flex.cpp(65): note: vea la definición anterior de 'INT32_MIN'
c:\program files (x86)\microsoft visual studio\2017\community\vc\tools\msvc\14.11.25503\include\stdint.h(52): warning C4005: 'INT8_MAX': redefinición de macro
  c:\users\krash\source\repos\adidier\proyectofinal\parser.flex.cpp(68): note: vea la definición anterior de 'INT8_MAX'
c:\program files (x86)\microsoft visual studio\2017\community\vc\tools\msvc\14.11.25503\include\stdint.h(53): warning C4005: 'INT16_MAX': redefinición de macro
  c:\users\krash\source\repos\adidier\proyectofinal\parser.flex.cpp(71): note: vea la definición anterior de 'INT16_MAX'
c:\program files (x86)\microsoft visual studio\2017\community\vc\tools\msvc\14.11.25503\include\stdint.h(54): warning C4005: 'INT32_MAX': redefinición de macro
  c:\users\krash\source\repos\adidier\proyectofinal\parser.flex.cpp(74): note: vea la definición anterior de 'INT32_MAX'
c:\program files (x86)\microsoft visual studio\2017\community\vc\tools\msvc\14.11.25503\include\stdint.h(56): warning C4005: 'UINT8_MAX': redefinición de macro
  c:\users\krash\source\repos\adidier\proyectofinal\parser.flex.cpp(77): note: vea la definición anterior de 'UINT8_MAX'
c:\program files (x86)\microsoft visual studio\2017\community\vc\tools\msvc\14.11.25503\include\stdint.h(57): warning C4005: 'UINT16_MAX': redefinición de macro
  c:\users\krash\source\repos\adidier\proyectofinal\parser.flex.cpp(80): note: vea la definición anterior de 'UINT16_MAX'
c:\program files (x86)\microsoft visual studio\2017\community\vc\tools\msvc\14.11.25503\include\stdint.h(58): warning C4005: 'UINT32_MAX': redefinición de macro
  c:\users\krash\source\repos\adidier\proyectofinal\parser.flex.cpp(83): note: vea la definición anterior de 'UINT32_MAX'
  ManagerAction.cpp
  Generando código...
  FinalFight.vcxproj -> C:\Users\krash\source\repos\Adidier\ProyectoFinal\FinalFight\Debug\FinalFight.exe
